0 info it worked if it ends with ok
1 verbose cli [ '/usr/bin/nodejs',
1 verbose cli   '/usr/local/bin/npm',
1 verbose cli   'install',
1 verbose cli   'react-plotly' ]
2 info using npm@2.14.0
3 info using node@v4.2.2
4 verbose install initial load of /home/michael/Projects/react-plotly/examples/package.json
5 warn package.json examples@1.0.0 No repository field.
6 warn package.json examples@1.0.0 No README data
7 verbose readDependencies loading dependencies from /home/michael/Projects/react-plotly/examples/package.json
8 silly cache add args [ 'react-plotly', null ]
9 verbose cache add spec react-plotly
10 silly cache add parsed spec Result {
10 silly cache add   raw: 'react-plotly',
10 silly cache add   scope: null,
10 silly cache add   name: 'react-plotly',
10 silly cache add   rawSpec: '',
10 silly cache add   spec: '*',
10 silly cache add   type: 'range' }
11 silly addNamed react-plotly@*
12 verbose addNamed "*" is a valid semver range for react-plotly
13 silly addNameRange { name: 'react-plotly', range: '*', hasData: false }
14 silly mapToRegistry name react-plotly
15 silly mapToRegistry using default registry
16 silly mapToRegistry registry https://registry.npmjs.org/
17 silly mapToRegistry uri https://registry.npmjs.org/react-plotly
18 verbose addNameRange registry:https://registry.npmjs.org/react-plotly not in flight; fetching
19 verbose request uri https://registry.npmjs.org/react-plotly
20 verbose request no auth needed
21 info attempt registry request try #1 at 11:13:11 AM
22 verbose request id 6bb57db1bad358ea
23 http request GET https://registry.npmjs.org/react-plotly
24 http 404 https://registry.npmjs.org/react-plotly
25 verbose headers { 'content-type': 'application/json',
25 verbose headers   'cache-control': 'max-age=0',
25 verbose headers   'content-length': '2',
25 verbose headers   'accept-ranges': 'bytes',
25 verbose headers   date: 'Thu, 26 Nov 2015 16:13:12 GMT',
25 verbose headers   via: '1.1 varnish',
25 verbose headers   age: '0',
25 verbose headers   connection: 'keep-alive',
25 verbose headers   'x-served-by': 'cache-atl6220-ATL',
25 verbose headers   'x-cache': 'MISS',
25 verbose headers   'x-cache-hits': '0',
25 verbose headers   'x-timer': 'S1448554391.915804,VS0,VE91' }
26 silly get cb [ 404,
26 silly get   { 'content-type': 'application/json',
26 silly get     'cache-control': 'max-age=0',
26 silly get     'content-length': '2',
26 silly get     'accept-ranges': 'bytes',
26 silly get     date: 'Thu, 26 Nov 2015 16:13:12 GMT',
26 silly get     via: '1.1 varnish',
26 silly get     age: '0',
26 silly get     connection: 'keep-alive',
26 silly get     'x-served-by': 'cache-atl6220-ATL',
26 silly get     'x-cache': 'MISS',
26 silly get     'x-cache-hits': '0',
26 silly get     'x-timer': 'S1448554391.915804,VS0,VE91' } ]
27 verbose stack Error: Registry returned 404 for GET on https://registry.npmjs.org/react-plotly
27 verbose stack     at makeError (/usr/local/lib/node_modules/npm/node_modules/npm-registry-client/lib/request.js:263:12)
27 verbose stack     at CachingRegistryClient.<anonymous> (/usr/local/lib/node_modules/npm/node_modules/npm-registry-client/lib/request.js:241:14)
27 verbose stack     at Request._callback (/usr/local/lib/node_modules/npm/node_modules/npm-registry-client/lib/request.js:171:14)
27 verbose stack     at Request.self.callback (/usr/local/lib/node_modules/npm/node_modules/request/request.js:198:22)
27 verbose stack     at emitTwo (events.js:87:13)
27 verbose stack     at Request.emit (events.js:172:7)
27 verbose stack     at Request.<anonymous> (/usr/local/lib/node_modules/npm/node_modules/request/request.js:1057:14)
27 verbose stack     at emitOne (events.js:82:20)
27 verbose stack     at Request.emit (events.js:169:7)
27 verbose stack     at IncomingMessage.<anonymous> (/usr/local/lib/node_modules/npm/node_modules/request/request.js:1003:12)
28 verbose statusCode 404
29 verbose pkgid react-plotly
30 verbose cwd /home/michael/Projects/react-plotly/examples
31 error Linux 3.16.0-53-generic
32 error argv "/usr/bin/nodejs" "/usr/local/bin/npm" "install" "react-plotly"
33 error node v4.2.2
34 error npm  v2.14.0
35 error code E404
36 error 404 Registry returned 404 for GET on https://registry.npmjs.org/react-plotly
36 error 404
36 error 404 'react-plotly' is not in the npm registry.
36 error 404 You should bug the author to publish it (or use the name yourself!)
36 error 404 It was specified as a dependency of 'examples'
36 error 404
36 error 404 Note that you can also install from a
36 error 404 tarball, folder, http url, or git url.
37 verbose exit [ 1, true ]
